Log file open, 03/31/20 17:30:36
LogWindows: Failed to load 'aqProf.dll' (GetLastError=126)
LogWindows: File 'aqProf.dll' does not exist
LogWindows: Failed to load 'VtuneApi.dll' (GetLastError=126)
LogWindows: File 'VtuneApi.dll' does not exist
LogWindows: Failed to load 'VtuneApi32e.dll' (GetLastError=126)
LogWindows: File 'VtuneApi32e.dll' does not exist
LogConsoleResponse: Display: Failed to find resolution value strings in scalability ini. Falling back to default.
LogInit: Display: Running engine for game: MyProject
LogPlatformFile: Not using cached read wrapper
LogTaskGraph: Started task graph with 5 named threads and 47 total threads with 3 sets of task threads.
LogStats: Stats thread started at 0.076008
LogD3D11RHI: Loaded GFSDK_Aftermath_Lib.x64.dll
LogICUInternationalization: ICU TimeZone Detection - Raw Offset: -5:00, Platform Override: ''
LogPluginManager: Mounting plugin Paper2D
LogPluginManager: Mounting plugin AISupport
LogPluginManager: Mounting plugin LightPropagationVolume
LogPluginManager: Mounting plugin ActorLayerUtilities
LogPluginManager: Mounting plugin AnimationSharing
LogPluginManager: Mounting plugin CLionSourceCodeAccess
LogPluginManager: Mounting plugin CodeLiteSourceCodeAccess
LogPluginManager: Mounting plugin GitSourceControl
LogPluginManager: Mounting plugin KDevelopSourceCodeAccess
LogPluginManager: Mounting plugin NullSourceCodeAccess
LogPluginManager: Mounting plugin PerforceSourceControl
LogPluginManager: Mounting plugin PlasticSourceControl
LogPluginManager: Mounting plugin SubversionSourceControl
LogPluginManager: Mounting plugin UObjectPlugin
LogPluginManager: Mounting plugin VisualStudioCodeSourceCodeAccess
LogPluginManager: Mounting plugin VisualStudioSourceCodeAccess
LogPluginManager: Mounting plugin XCodeSourceCodeAccess
LogPluginManager: Mounting plugin AssetManagerEditor
LogPluginManager: Mounting plugin CryptoKeys
LogPluginManager: Mounting plugin CurveEditorTools
LogPluginManager: Mounting plugin DataValidation
LogPluginManager: Mounting plugin FacialAnimation
LogPluginManager: Mounting plugin GameplayTagsEditor
LogPluginManager: Mounting plugin MacGraphicsSwitching
LogPluginManager: Mounting plugin MaterialAnalyzer
LogPluginManager: Mounting plugin MobileLauncherProfileWizard
LogPluginManager: Mounting plugin PluginBrowser
LogPluginManager: Mounting plugin SpeedTreeImporter
LogPluginManager: Mounting plugin DatasmithContent
LogPluginManager: Mounting plugin VariantManagerContent
LogPluginManager: Mounting plugin AlembicImporter
LogPluginManager: Mounting plugin AutomationUtils
LogPluginManager: Mounting plugin BackChannel
LogPluginManager: Mounting plugin CharacterAI
LogPluginManager: Mounting plugin GeometryCache
LogPluginManager: Mounting plugin PlatformCrypto
LogPluginManager: Mounting plugin ProxyLODPlugin
LogPluginManager: Mounting plugin SkeletalReduction
LogPluginManager: Mounting plugin MagicLeap
LogPluginManager: Mounting plugin MagicLeapMedia
LogPluginManager: Mounting plugin MLSDK
LogPluginManager: Mounting plugin AndroidMedia
LogPluginManager: Mounting plugin AvfMedia
LogPluginManager: Mounting plugin ImgMedia
LogPluginManager: Mounting plugin MediaCompositing
LogPluginManager: Mounting plugin MediaPlayerEditor
LogPluginManager: Mounting plugin WebMMedia
LogPluginManager: Mounting plugin WmfMedia
LogPluginManager: Mounting plugin TcpMessaging
LogPluginManager: Mounting plugin UdpMessaging
LogPluginManager: Mounting plugin ActorSequence
LogPluginManager: Mounting plugin LevelSequenceEditor
LogPluginManager: Mounting plugin MatineeToLevelSequence
LogPluginManager: Mounting plugin NetcodeUnitTest
LogPluginManager: Mounting plugin NUTUnrealEngine4
LogPluginManager: Mounting plugin OnlineSubsystemGooglePlay
LogPluginManager: Mounting plugin OnlineSubsystemIOS
LogPluginManager: Mounting plugin OnlineSubsystem
LogPluginManager: Mounting plugin OnlineSubsystemNull
LogPluginManager: Mounting plugin OnlineSubsystemUtils
LogPluginManager: Mounting plugin LauncherChunkInstaller
LogPluginManager: Mounting plugin AndroidDeviceProfileSelector
LogPluginManager: Mounting plugin AndroidMoviePlayer
LogPluginManager: Mounting plugin AndroidPermission
LogPluginManager: Mounting plugin AppleImageUtils
LogPluginManager: Mounting plugin AppleMoviePlayer
LogPluginManager: Mounting plugin ArchVisCharacter
LogPluginManager: Mounting plugin AssetTags
LogPluginManager: Mounting plugin AudioCapture
LogPluginManager: Mounting plugin CableComponent
LogPluginManager: Mounting plugin CustomMeshComponent
LogPluginManager: Mounting plugin EditableMesh
LogPluginManager: Mounting plugin ExampleDeviceProfileSelector
LogPluginManager: Mounting plugin GoogleCloudMessaging
LogPluginManager: Mounting plugin IOSDeviceProfileSelector
LogPluginManager: Mounting plugin LinuxDeviceProfileSelector
LogPluginManager: Mounting plugin LocationServicesBPLibrary
LogPluginManager: Mounting plugin MobilePatchingUtils
LogPluginManager: Mounting plugin OculusVR
LogPluginManager: Mounting plugin PhysXVehicles
LogPluginManager: Mounting plugin PostSplashScreen
LogPluginManager: Mounting plugin ProceduralMeshComponent
LogPluginManager: Mounting plugin RuntimePhysXCooking
LogPluginManager: Mounting plugin SignificanceManager
LogPluginManager: Mounting plugin SteamVR
LogPluginManager: Mounting plugin WebMMoviePlayer
LogPluginManager: Mounting plugin WindowsMoviePlayer
LogPluginManager: Mounting plugin ScreenshotTools
LogInit: Using libcurl 7.55.1-DEV
LogInit:  - built for x86_64-pc-win32
LogInit:  - supports SSL with OpenSSL/1.1.1
LogInit:  - supports HTTP deflate (compression) using libz 1.2.8
LogInit:  - other features:
LogInit:      CURL_VERSION_SSL
LogInit:      CURL_VERSION_LIBZ
LogInit:      CURL_VERSION_IPV6
LogInit:      CURL_VERSION_ASYNCHDNS
LogInit:      CURL_VERSION_LARGEFILE
LogInit:      CURL_VERSION_IDN
LogInit:  CurlRequestOptions (configurable via config and command line):
LogInit:  - bVerifyPeer = true  - Libcurl will verify peer certificate
LogInit:  - bUseHttpProxy = false  - Libcurl will NOT use HTTP proxy
LogInit:  - bDontReuseConnections = false  - Libcurl will reuse connections
LogInit:  - MaxHostConnections = 16  - Libcurl will limit the number of connections to a host
LogInit:  - LocalHostAddr = Default
LogInit:  - BufferSize = 65536
LogOnline: OSS: Creating online subsystem instance for: NULL
LogInit: WinSock: version 1.1 (2.2), MaxSocks=32767, MaxUdp=65467
LogOnline: OSS: TryLoadSubsystemAndSetDefault: Loaded subsystem for module [NULL]
LogInit: Build: ++UE4+Release-4.24-CL-11100242
LogInit: Engine Version: 4.24.2-11100242+++UE4+Release-4.24
LogInit: Compatible Engine Version: 4.24.0-10570792+++UE4+Release-4.24
LogInit: Net CL: 10570792
LogInit: OS: Windows 10 (Release 1909) (), CPU: AMD Ryzen 7 2700X Eight-Core Processor         , GPU: AMD Radeon RX 5700 XT
LogInit: Compiled (64-bit): Jan 24 2020 02:05:53
LogInit: Compiled with Visual C++: 19.16.27032.01
LogInit: Build Configuration: Development
LogInit: Branch Name: ++UE4+Release-4.24
LogInit: Command Line: 
LogInit: Base Directory: C:/Program Files/Epic Games/UE_4.24/Engine/Binaries/Win64/
LogInit: Installed Engine Build: 1
LogDevObjectVersion: Number of dev versions registered: 25
LogDevObjectVersion:   Dev-Blueprints (B0D832E4-1F89-4F0D-ACCF-7EB736FD4AA2): 10
LogDevObjectVersion:   Dev-Build (E1C64328-A22C-4D53-A36C-8E866417BD8C): 0
LogDevObjectVersion:   Dev-Core (375EC13C-06E4-48FB-B500-84F0262A717E): 3
LogDevObjectVersion:   Dev-Editor (E4B068ED-F494-42E9-A231-DA0B2E46BB41): 37
LogDevObjectVersion:   Dev-Framework (CFFC743F-43B0-4480-9391-14DF171D2073): 36
LogDevObjectVersion:   Dev-Mobile (B02B49B5-BB20-44E9-A304-32B752E40360): 2
LogDevObjectVersion:   Dev-Networking (A4E4105C-59A1-49B5-A7C5-40C4547EDFEE): 0
LogDevObjectVersion:   Dev-Online (39C831C9-5AE6-47DC-9A44-9C173E1C8E7C): 0
LogDevObjectVersion:   Dev-Physics (78F01B33-EBEA-4F98-B9B4-84EACCB95AA2): 2
LogDevObjectVersion:   Dev-Platform (6631380F-2D4D-43E0-8009-CF276956A95A): 0
LogDevObjectVersion:   Dev-Rendering (12F88B9F-8875-4AFC-A67C-D90C383ABD29): 36
LogDevObjectVersion:   Dev-Sequencer (7B5AE74C-D270-4C10-A958-57980B212A5A): 11
LogDevObjectVersion:   Dev-VR (D7296918-1DD6-4BDD-9DE2-64A83CC13884): 2
LogDevObjectVersion:   Dev-LoadTimes (C2A15278-BFE7-4AFE-6C17-90FF531DF755): 1
LogDevObjectVersion:   Private-Geometry (6EACA3D4-40EC-4CC1-B786-8BED09428FC5): 3
LogDevObjectVersion:   Dev-AnimPhys (29E575DD-E0A3-4627-9D10-D276232CDCEA): 17
LogDevObjectVersion:   Dev-Anim (AF43A65D-7FD3-4947-9873-3E8ED9C1BB05): 2
LogDevObjectVersion:   Dev-ReflectionCapture (6B266CEC-1EC7-4B8F-A30B-E4D90942FC07): 1
LogDevObjectVersion:   Dev-Automation (0DF73D61-A23F-47EA-B727-89E90C41499A): 1
LogDevObjectVersion:   FortniteMain (601D1886-AC64-4F84-AA16-D3DE0DEAC7D6): 31
LogDevObjectVersion:   Dev-Enterprise (9DFFBCD6-494F-0158-E221-12823C92A888): 8
LogDevObjectVersion:   Dev-Niagara (F2AED0AC-9AFE-416F-8664-AA7FFA26D6FC): 1
LogDevObjectVersion:   Dev-Destruction (174F1F0B-B4C6-45A5-B13F-2EE8D0FB917D): 9
LogDevObjectVersion:   Dev-Physics-Ext (35F94A83-E258-406C-A318-09F59610247C): 8
LogDevObjectVersion:   Dev-CineCamera (B2E18506-4273-CFC2-A54E-F4BB758BBA07): 1
LogInit: Presizing for max 25165824 objects, including 0 objects not considered by GC, pre-allocating 0 bytes for permanent pool.
LogInit: Object subsystem initialized
LogConfig: Setting CVar [[con.DebugEarlyDefault:1]]
LogConfig: Setting CVar [[r.setres:1280x720]]
[2020.03.31-21.30.36:328][  0]LogConfig: Setting CVar [[r.VSync:0]]
[2020.03.31-21.30.36:328][  0]LogConfig: Setting CVar [[r.RHICmdBypass:0]]
[2020.03.31-21.30.36:328][  0]LogConfig: Applying CVar settings from Section [/Script/Engine.RendererSettings] File [C:/Users/AMD/Desktop/KameHouse/KamehouseScene/Saved/Config/Windows/Engine.ini]
[2020.03.31-21.30.36:328][  0]LogConfig: Setting CVar [[r.GPUCrashDebugging:0]]
[2020.03.31-21.30.36:328][  0]LogConfig: Applying CVar settings from Section [/Script/Engine.RendererOverrideSettings] File [C:/Users/AMD/Desktop/KameHouse/KamehouseScene/Saved/Config/Windows/Engine.ini]
[2020.03.31-21.30.36:328][  0]LogConfig: Applying CVar settings from Section [/Script/Engine.StreamingSettings] File [C:/Users/AMD/Desktop/KameHouse/KamehouseScene/Saved/Config/Windows/Engine.ini]
[2020.03.31-21.30.36:328][  0]LogConfig: Setting CVar [[s.MinBulkDataSizeForAsyncLoading:131072]]
[2020.03.31-21.30.36:328][  0]LogConfig: Setting CVar [[s.AsyncLoadingThreadEnabled:0]]
[2020.03.31-21.30.36:328][  0]LogConfig: Setting CVar [[s.EventDrivenLoaderEnabled:1]]
[2020.03.31-21.30.36:328][  0]LogConfig: Setting CVar [[s.WarnIfTimeLimitExceeded:0]]
[2020.03.31-21.30.36:328][  0]LogConfig: Setting CVar [[s.TimeLimitExceededMultiplier:1.5]]
[2020.03.31-21.30.36:328][  0]LogConfig: Setting CVar [[s.TimeLimitExceededMinTime:0.005]]
[2020.03.31-21.30.36:328][  0]LogConfig: Setting CVar [[s.UseBackgroundLevelStreaming:1]]
[2020.03.31-21.30.36:328][  0]LogConfig: Setting CVar [[s.PriorityAsyncLoadingExtraTime:15.0]]
[2020.03.31-21.30.36:328][  0]LogConfig: Setting CVar [[s.LevelStreamingActorsUpdateTimeLimit:5.0]]
[2020.03.31-21.30.36:328][  0]LogConfig: Setting CVar [[s.PriorityLevelStreamingActorsUpdateExtraTime:5.0]]
[2020.03.31-21.30.36:328][  0]LogConfig: Setting CVar [[s.LevelStreamingComponentsRegistrationGranularity:10]]
[2020.03.31-21.30.36:328][  0]LogConfig: Setting CVar [[s.UnregisterComponentsTimeLimit:1.0]]
[2020.03.31-21.30.36:328][  0]LogConfig: Setting CVar [[s.LevelStreamingComponentsUnregistrationGranularity:5]]
[2020.03.31-21.30.36:328][  0]LogConfig: Setting CVar [[s.FlushStreamingOnExit:1]]
[2020.03.31-21.30.36:328][  0]LogConfig: Applying CVar settings from Section [/Script/Engine.GarbageCollectionSettings] File [C:/Users/AMD/Desktop/KameHouse/KamehouseScene/Saved/Config/Windows/Engine.ini]
[2020.03.31-21.30.36:328][  0]LogConfig: Setting CVar [[gc.MaxObjectsNotConsideredByGC:1]]
[2020.03.31-21.30.36:329][  0]LogConfig: Setting CVar [[gc.SizeOfPermanentObjectPool:0]]
[2020.03.31-21.30.36:329][  0]LogConfig: Setting CVar [[gc.FlushStreamingOnGC:0]]
[2020.03.31-21.30.36:329][  0]LogConfig: Setting CVar [[gc.NumRetriesBeforeForcingGC:10]]
[2020.03.31-21.30.36:329][  0]LogConfig: Setting CVar [[gc.AllowParallelGC:1]]
[2020.03.31-21.30.36:329][  0]LogConfig: Setting CVar [[gc.TimeBetweenPurgingPendingKillObjects:61.1]]
[2020.03.31-21.30.36:329][  0]LogConfig: Setting CVar [[gc.MaxObjectsInEditor:25165824]]
[2020.03.31-21.30.36:329][  0]LogConfig: Setting CVar [[gc.IncrementalBeginDestroyEnabled:1]]
[2020.03.31-21.30.36:329][  0]LogConfig: Setting CVar [[gc.CreateGCClusters:1]]
[2020.03.31-21.30.36:329][  0]LogConfig: Setting CVar [[gc.MinGCClusterSize:5]]
[2020.03.31-21.30.36:329][  0]LogConfig: Setting CVar [[gc.ActorClusteringEnabled:0]]
[2020.03.31-21.30.36:329][  0]LogConfig: Setting CVar [[gc.BlueprintClusteringEnabled:0]]
[2020.03.31-21.30.36:329][  0]LogConfig: Setting CVar [[gc.UseDisregardForGCOnDedicatedServers:0]]
[2020.03.31-21.30.36:329][  0]LogConfig: Applying CVar settings from Section [/Script/Engine.NetworkSettings] File [C:/Users/AMD/Desktop/KameHouse/KamehouseScene/Saved/Config/Windows/Engine.ini]
[2020.03.31-21.30.36:329][  0]LogConfig: Applying CVar settings from Section [/Script/UnrealEd.CookerSettings] File [C:/Users/AMD/Desktop/KameHouse/KamehouseScene/Saved/Config/Windows/Engine.ini]
[2020.03.31-21.30.36:334][  0]LogConfig: Applying CVar settings from Section [ViewDistanceQuality@3] File [C:/Users/AMD/Desktop/KameHouse/KamehouseScene/Saved/Config/Windows/Scalability.ini]
[2020.03.31-21.30.36:334][  0]LogConfig: Setting CVar [[r.SkeletalMeshLODBias:0]]
[2020.03.31-21.30.36:334][  0]LogConfig: Setting CVar [[r.ViewDistanceScale:1.0]]
[2020.03.31-21.30.36:334][  0]LogConfig: Applying CVar settings from Section [AntiAliasingQuality@3] File [C:/Users/AMD/Desktop/KameHouse/KamehouseScene/Saved/Config/Windows/Scalability.ini]
[2020.03.31-21.30.36:334][  0]LogConfig: Setting CVar [[r.PostProcessAAQuality:4]]
[2020.03.31-21.30.36:334][  0]LogConfig: Applying CVar settings from Section [ShadowQuality@3] File [C:/Users/AMD/Desktop/KameHouse/KamehouseScene/Saved/Config/Windows/Scalability.ini]
[2020.03.31-21.30.36:334][  0]LogConfig: Setting CVar [[r.LightFunctionQuality:1]]
[2020.03.31-21.30.36:334][  0]LogConfig: Setting CVar [[r.ShadowQuality:5]]
[2020.03.31-21.30.36:334][  0]LogConfig: Setting CVar [[r.Shadow.CSM.MaxCascades:10]]
[2020.03.31-21.30.36:334][  0]LogConfig: Setting CVar [[r.Shadow.MaxResolution:2048]]
[2020.03.31-21.30.36:334][  0]LogConfig: Setting CVar [[r.Shadow.MaxCSMResolution:2048]]
[2020.03.31-21.30.36:334][  0]LogConfig: Setting CVar [[r.Shadow.RadiusThreshold:0.01]]
[2020.03.31-21.30.36:334][  0]LogConfig: Setting CVar [[r.Shadow.DistanceScale:1.0]]
[2020.03.31-21.30.36:334][  0]LogConfig: Setting CVar [[r.Shadow.CSM.TransitionScale:1.0]]
[2020.03.31-21.30.36:334][  0]LogConfig: Setting CVar [[r.Shadow.PreShadowResolutionFactor:1.0]]
[2020.03.31-21.30.36:334][  0]LogConfig: Setting CVar [[r.DistanceFieldShadowing:1]]
[2020.03.31-21.30.36:334][  0]LogConfig: Setting CVar [[r.DistanceFieldAO:1]]
[2020.03.31-21.30.36:334][  0]LogConfig: Setting CVar [[r.AOQuality:2]]
[2020.03.31-21.30.36:334][  0]LogConfig: Setting CVar [[r.VolumetricFog:1]]
[2020.03.31-21.30.36:334][  0]LogConfig: Setting CVar [[r.VolumetricFog.GridPixelSize:8]]
[2020.03.31-21.30.36:334][  0]LogConfig: Setting CVar [[r.VolumetricFog.GridSizeZ:128]]
[2020.03.31-21.30.36:334][  0]LogConfig: Setting CVar [[r.VolumetricFog.HistoryMissSupersampleCount:4]]
[2020.03.31-21.30.36:334][  0]LogConfig: Setting CVar [[r.LightMaxDrawDistanceScale:1]]
[2020.03.31-21.30.36:334][  0]LogConfig: Setting CVar [[r.CapsuleShadows:1]]
[2020.03.31-21.30.36:334][  0]LogConfig: Applying CVar settings from Section [PostProcessQuality@3] File [C:/Users/AMD/Desktop/KameHouse/KamehouseScene/Saved/Config/Windows/Scalability.ini]
[2020.03.31-21.30.36:334][  0]LogConfig: Setting CVar [[r.MotionBlurQuality:4]]
[2020.03.31-21.30.36:334][  0]LogConfig: Setting CVar [[r.AmbientOcclusionMipLevelFactor:0.4]]
[2020.03.31-21.30.36:334][  0]LogConfig: Setting CVar [[r.AmbientOcclusionMaxQuality:100]]
[2020.03.31-21.30.36:334][  0]LogConfig: Setting CVar [[r.AmbientOcclusionLevels:-1]]
[2020.03.31-21.30.36:334][  0]LogConfig: Setting CVar [[r.AmbientOcclusionRadiusScale:1.0]]
[2020.03.31-21.30.36:334][  0]LogConfig: Setting CVar [[r.DepthOfFieldQuality:2]]
[2020.03.31-21.30.36:334][  0]LogConfig: Setting CVar [[r.RenderTargetPoolMin:400]]
[2020.03.31-21.30.36:334][  0]LogConfig: Setting CVar [[r.LensFlareQuality:2]]
[2020.03.31-21.30.36:334][  0]LogConfig: Setting CVar [[r.SceneColorFringeQuality:1]]
[2020.03.31-21.30.36:335][  0]LogConfig: Setting CVar [[r.EyeAdaptationQuality:2]]
[2020.03.31-21.30.36:335][  0]LogConfig: Setting CVar [[r.BloomQuality:5]]
[2020.03.31-21.30.36:335][  0]LogConfig: Setting CVar [[r.FastBlurThreshold:100]]
[2020.03.31-21.30.36:335][  0]LogConfig: Setting CVar [[r.Upscale.Quality:3]]
[2020.03.31-21.30.36:335][  0]LogConfig: Setting CVar [[r.Tonemapper.GrainQuantization:1]]
[2020.03.31-21.30.36:335][  0]LogConfig: Setting CVar [[r.LightShaftQuality:1]]
[2020.03.31-21.30.36:335][  0]LogConfig: Setting CVar [[r.Filter.SizeScale:1]]
[2020.03.31-21.30.36:335][  0]LogConfig: Setting CVar [[r.Tonemapper.Quality:5]]
[2020.03.31-21.30.36:335][  0]LogConfig: Setting CVar [[r.DOF.Gather.AccumulatorQuality:1        ; higher gathering accumulator quality]]
[2020.03.31-21.30.36:335][  0]LogConfig: Setting CVar [[r.DOF.Gather.PostfilterMethod:1          ; Median3x3 postfilering method]]
[2020.03.31-21.30.36:335][  0]LogConfig: Setting CVar [[r.DOF.Gather.EnableBokehSettings:0       ; no bokeh simulation when gathering]]
[2020.03.31-21.30.36:335][  0]LogConfig: Setting CVar [[r.DOF.Gather.RingCount:4                 ; medium number of samples when gathering]]
[2020.03.31-21.30.36:335][  0]LogConfig: Setting CVar [[r.DOF.Scatter.ForegroundCompositing:1    ; additive foreground scattering]]
[2020.03.31-21.30.36:335][  0]LogConfig: Setting CVar [[r.DOF.Scatter.BackgroundCompositing:2    ; additive background scattering]]
[2020.03.31-21.30.36:335][  0]LogConfig: Setting CVar [[r.DOF.Scatter.EnableBokehSettings:1      ; bokeh simulation when scattering]]
[2020.03.31-21.30.36:335][  0]LogConfig: Setting CVar [[r.DOF.Scatter.MaxSpriteRatio:0.1         ; only a maximum of 10% of scattered bokeh]]
[2020.03.31-21.30.36:335][  0]LogConfig: Setting CVar [[r.DOF.Recombine.Quality:1                ; cheap slight out of focus]]
[2020.03.31-21.30.36:335][  0]LogConfig: Setting CVar [[r.DOF.Recombine.EnableBokehSettings:0    ; no bokeh simulation on slight out of focus]]
[2020.03.31-21.30.36:335][  0]LogConfig: Setting CVar [[r.DOF.TemporalAAQuality:1                ; more stable temporal accumulation]]
[2020.03.31-21.30.36:335][  0]LogConfig: Setting CVar [[r.DOF.Kernel.MaxForegroundRadius:0.025]]
[2020.03.31-21.30.36:335][  0]LogConfig: Setting CVar [[r.DOF.Kernel.MaxBackgroundRadius:0.025]]
[2020.03.31-21.30.36:335][  0]LogConfig: Applying CVar settings from Section [TextureQuality@3] File [C:/Users/AMD/Desktop/KameHouse/KamehouseScene/Saved/Config/Windows/Scalability.ini]
[2020.03.31-21.30.36:335][  0]LogConfig: Setting CVar [[r.Streaming.MipBias:0]]
[2020.03.31-21.30.36:335][  0]LogConfig: Setting CVar [[r.Streaming.AmortizeCPUToGPUCopy:0]]
[2020.03.31-21.30.36:335][  0]LogConfig: Setting CVar [[r.Streaming.MaxNumTexturesToStreamPerFrame:0]]
[2020.03.31-21.30.36:335][  0]LogConfig: Setting CVar [[r.Streaming.Boost:1]]
[2020.03.31-21.30.36:335][  0]LogConfig: Setting CVar [[r.MaxAnisotropy:8]]
[2020.03.31-21.30.36:335][  0]LogConfig: Setting CVar [[r.VT.MaxAnisotropy:8]]
[2020.03.31-21.30.36:335][  0]LogConfig: Setting CVar [[r.Streaming.LimitPoolSizeToVRAM:0]]
[2020.03.31-21.30.36:335][  0]LogConfig: Setting CVar [[r.Streaming.PoolSize:1000]]
[2020.03.31-21.30.36:335][  0]LogConfig: Setting CVar [[r.Streaming.MaxEffectiveScreenSize:0]]
[2020.03.31-21.30.36:335][  0]LogConfig: Applying CVar settings from Section [EffectsQuality@3] File [C:/Users/AMD/Desktop/KameHouse/KamehouseScene/Saved/Config/Windows/Scalability.ini]
[2020.03.31-21.30.36:335][  0]LogConfig: Setting CVar [[r.TranslucencyLightingVolumeDim:64]]
[2020.03.31-21.30.36:335][  0]LogConfig: Setting CVar [[r.RefractionQuality:2]]
[2020.03.31-21.30.36:335][  0]LogConfig: Setting CVar [[r.SSR.Quality:3]]
[2020.03.31-21.30.36:335][  0]LogConfig: Setting CVar [[r.SSR.HalfResSceneColor:0]]
[2020.03.31-21.30.36:335][  0]LogConfig: Setting CVar [[r.SceneColorFormat:4]]
[2020.03.31-21.30.36:335][  0]LogConfig: Setting CVar [[r.DetailMode:2]]
[2020.03.31-21.30.36:335][  0]LogConfig: Setting CVar [[r.TranslucencyVolumeBlur:1]]
[2020.03.31-21.30.36:335][  0]LogConfig: Setting CVar [[r.MaterialQualityLevel:1 ; High quality]]
[2020.03.31-21.30.36:335][  0]LogConfig: Setting CVar [[r.SSS.Scale:1]]
[2020.03.31-21.30.36:335][  0]LogConfig: Setting CVar [[r.SSS.SampleSet:2]]
[2020.03.31-21.30.36:335][  0]LogConfig: Setting CVar [[r.SSS.Quality:1]]
[2020.03.31-21.30.36:335][  0]LogConfig: Setting CVar [[r.SSS.HalfRes:1]]
[2020.03.31-21.30.36:335][  0]LogConfig: Setting CVar [[r.SSGI.Quality:3]]
[2020.03.31-21.30.36:335][  0]LogConfig: Setting CVar [[r.EmitterSpawnRateScale:1.0]]
[2020.03.31-21.30.36:335][  0]LogConfig: Setting CVar [[r.ParticleLightQuality:2]]
[2020.03.31-21.30.36:335][  0]LogConfig: Setting CVar [[r.SkyAtmosphere.AerialPerspectiveLUT.FastApplyOnOpaque:1 ; Always have FastSkyLUT 1 in this case to avoid wrong sky]]
[2020.03.31-21.30.36:335][  0]LogConfig: Setting CVar [[r.SkyAtmosphere.AerialPerspectiveLUT.SampleCountPerSlice:1]]
[2020.03.31-21.30.36:335][  0]LogConfig: Setting CVar [[r.SkyAtmosphere.AerialPerspectiveLUT.DepthResolution:16.0]]
[2020.03.31-21.30.36:335][  0]LogConfig: Setting CVar [[r.SkyAtmosphere.FastSkyLUT:1]]
[2020.03.31-21.30.36:335][  0]LogConfig: Setting CVar [[r.SkyAtmosphere.FastSkyLUT.SampleCountMin:4.0]]
[2020.03.31-21.30.36:335][  0]LogConfig: Setting CVar [[r.SkyAtmosphere.FastSkyLUT.SampleCountMax:32.0]]
[2020.03.31-21.30.36:335][  0]LogConfig: Setting CVar [[r.SkyAtmosphere.SampleCountMin:4.0]]
[2020.03.31-21.30.36:335][  0]LogConfig: Setting CVar [[r.SkyAtmosphere.SampleCountMax:32.0]]
[2020.03.31-21.30.36:335][  0]LogConfig: Setting CVar [[r.SkyAtmosphere.TransmittanceLUT.UseSmallFormat:0]]
[2020.03.31-21.30.36:335][  0]LogConfig: Setting CVar [[r.SkyAtmosphere.TransmittanceLUT.SampleCount:10.0]]
[2020.03.31-21.30.36:335][  0]LogConfig: Setting CVar [[r.SkyAtmosphere.MultiScatteringLUT.SampleCount:15.0]]
[2020.03.31-21.30.36:335][  0]LogConfig: Applying CVar settings from Section [FoliageQuality@3] File [C:/Users/AMD/Desktop/KameHouse/KamehouseScene/Saved/Config/Windows/Scalability.ini]
[2020.03.31-21.30.36:335][  0]LogConfig: Setting CVar [[foliage.DensityScale:1.0]]
[2020.03.31-21.30.36:335][  0]LogConfig: Setting CVar [[grass.DensityScale:1.0]]
[2020.03.31-21.30.36:335][  0]LogConfig: Applying CVar settings from Section [ShadingQuality@3] File [C:/Users/AMD/Desktop/KameHouse/KamehouseScene/Saved/Config/Windows/Scalability.ini]
[2020.03.31-21.30.36:335][  0]LogConfig: Setting CVar [[r.HairStrands.SkyLighting.SampleCount:16]]
[2020.03.31-21.30.36:335][  0]LogConfig: Setting CVar [[r.HairStrands.SkyLighting.JitterIntegration:0]]
[2020.03.31-21.30.36:335][  0]LogConfig: Setting CVar [[r.HairStrands.SkyAO.SampleCount:16]]
[2020.03.31-21.30.36:335][  0]LogInit: Selected Device Profile: [Windows]
[2020.03.31-21.30.36:335][  0]LogInit: Applying CVar settings loaded from the selected device profile: [Windows]
[2020.03.31-21.30.36:338][  0]LogHAL: Display: Platform has ~ 16 GB [17107648512 / 17179869184 / 16], which maps to Larger [LargestMinGB=32, LargerMinGB=12, DefaultMinGB=8, SmallerMinGB=6, SmallestMinGB=0)
[2020.03.31-21.30.36:338][  0]LogInit: Going up to parent DeviceProfile []
[2020.03.31-21.30.36:338][  0]LogConfig: Applying CVar settings from Section [ViewDistanceQuality@3] File [C:/Users/AMD/Desktop/KameHouse/KamehouseScene/Saved/Config/Windows/Scalability.ini]
[2020.03.31-21.30.36:338][  0]LogConfig: Setting CVar [[r.SkeletalMeshLODBias:0]]
[2020.03.31-21.30.36:338][  0]LogConfig: Setting CVar [[r.ViewDistanceScale:1.0]]
[2020.03.31-21.30.36:338][  0]LogConfig: Applying CVar settings from Section [AntiAliasingQuality@3] File [C:/Users/AMD/Desktop/KameHouse/KamehouseScene/Saved/Config/Windows/Scalability.ini]
[2020.03.31-21.30.36:338][  0]LogConfig: Setting CVar [[r.PostProcessAAQuality:4]]
[2020.03.31-21.30.36:338][  0]LogConfig: Applying CVar settings from Section [ShadowQuality@3] File [C:/Users/AMD/Desktop/KameHouse/KamehouseScene/Saved/Config/Windows/Scalability.ini]
[2020.03.31-21.30.36:338][  0]LogConfig: Setting CVar [[r.LightFunctionQuality:1]]
[2020.03.31-21.30.36:338][  0]LogConfig: Setting CVar [[r.ShadowQuality:5]]
[2020.03.31-21.30.36:338][  0]LogConfig: Setting CVar [[r.Shadow.CSM.MaxCascades:10]]
[2020.03.31-21.30.36:338][  0]LogConfig: Setting CVar [[r.Shadow.MaxResolution:2048]]
[2020.03.31-21.30.36:338][  0]LogConfig: Setting CVar [[r.Shadow.MaxCSMResolution:2048]]
[2020.03.31-21.30.36:338][  0]LogConfig: Setting CVar [[r.Shadow.RadiusThreshold:0.01]]
[2020.03.31-21.30.36:338][  0]LogConfig: Setting CVar [[r.Shadow.DistanceScale:1.0]]
[2020.03.31-21.30.36:338][  0]LogConfig: Setting CVar [[r.Shadow.CSM.TransitionScale:1.0]]
[2020.03.31-21.30.36:338][  0]LogConfig: Setting CVar [[r.Shadow.PreShadowResolutionFactor:1.0]]
[2020.03.31-21.30.36:338][  0]LogConfig: Setting CVar [[r.DistanceFieldShadowing:1]]
[2020.03.31-21.30.36:339][  0]LogConfig: Setting CVar [[r.DistanceFieldAO:1]]
[2020.03.31-21.30.36:339][  0]LogConfig: Setting CVar [[r.AOQuality:2]]
[2020.03.31-21.30.36:339][  0]LogConfig: Setting CVar [[r.VolumetricFog:1]]
[2020.03.31-21.30.36:339][  0]LogConfig: Setting CVar [[r.VolumetricFog.GridPixelSize:8]]
[2020.03.31-21.30.36:339][  0]LogConfig: Setting CVar [[r.VolumetricFog.GridSizeZ:128]]
[2020.03.31-21.30.36:339][  0]LogConfig: Setting CVar [[r.VolumetricFog.HistoryMissSupersampleCount:4]]
[2020.03.31-21.30.36:339][  0]LogConfig: Setting CVar [[r.LightMaxDrawDistanceScale:1]]
[2020.03.31-21.30.36:339][  0]LogConfig: Setting CVar [[r.CapsuleShadows:1]]
[2020.03.31-21.30.36:339][  0]LogConfig: Applying CVar settings from Section [PostProcessQuality@3] File [C:/Users/AMD/Desktop/KameHouse/KamehouseScene/Saved/Config/Windows/Scalability.ini]
[2020.03.31-21.30.36:339][  0]LogConfig: Setting CVar [[r.MotionBlurQuality:4]]
[2020.03.31-21.30.36:339][  0]LogConfig: Setting CVar [[r.AmbientOcclusionMipLevelFactor:0.4]]
[2020.03.31-21.30.36:339][  0]LogConfig: Setting CVar [[r.AmbientOcclusionMaxQuality:100]]
[2020.03.31-21.30.36:339][  0]LogConfig: Setting CVar [[r.AmbientOcclusionLevels:-1]]
[2020.03.31-21.30.36:339][  0]LogConfig: Setting CVar [[r.AmbientOcclusionRadiusScale:1.0]]
[2020.03.31-21.30.36:339][  0]LogConfig: Setting CVar [[r.DepthOfFieldQuality:2]]
[2020.03.31-21.30.36:339][  0]LogConfig: Setting CVar [[r.RenderTargetPoolMin:400]]
[2020.03.31-21.30.36:339][  0]LogConfig: Setting CVar [[r.LensFlareQuality:2]]
[2020.03.31-21.30.36:339][  0]LogConfig: Setting CVar [[r.SceneColorFringeQuality:1]]
[2020.03.31-21.30.36:339][  0]LogConfig: Setting CVar [[r.EyeAdaptationQuality:2]]
[2020.03.31-21.30.36:339][  0]LogConfig: Setting CVar [[r.BloomQuality:5]]
[2020.03.31-21.30.36:339][  0]LogConfig: Setting CVar [[r.FastBlurThreshold:100]]
[2020.03.31-21.30.36:339][  0]LogConfig: Setting CVar [[r.Upscale.Quality:3]]
[2020.03.31-21.30.36:339][  0]LogConfig: Setting CVar [[r.Tonemapper.GrainQuantization:1]]
[2020.03.31-21.30.36:339][  0]LogConfig: Setting CVar [[r.LightShaftQuality:1]]
[2020.03.31-21.30.36:339][  0]LogConfig: Setting CVar [[r.Filter.SizeScale:1]]
[2020.03.31-21.30.36:339][  0]LogConfig: Setting CVar [[r.Tonemapper.Quality:5]]
[2020.03.31-21.30.36:339][  0]LogConfig: Setting CVar [[r.DOF.Gather.AccumulatorQuality:1        ; higher gathering accumulator quality]]
[2020.03.31-21.30.36:339][  0]LogConfig: Setting CVar [[r.DOF.Gather.PostfilterMethod:1          ; Median3x3 postfilering method]]
[2020.03.31-21.30.36:339][  0]LogConfig: Setting CVar [[r.DOF.Gather.EnableBokehSettings:0       ; no bokeh simulation when gathering]]
[2020.03.31-21.30.36:339][  0]LogConfig: Setting CVar [[r.DOF.Gather.RingCount:4                 ; medium number of samples when gathering]]
[2020.03.31-21.30.36:339][  0]LogConfig: Setting CVar [[r.DOF.Scatter.ForegroundCompositing:1    ; additive foreground scattering]]
[2020.03.31-21.30.36:339][  0]LogConfig: Setting CVar [[r.DOF.Scatter.BackgroundCompositing:2    ; additive background scattering]]
[2020.03.31-21.30.36:339][  0]LogConfig: Setting CVar [[r.DOF.Scatter.EnableBokehSettings:1      ; bokeh simulation when scattering]]
[2020.03.31-21.30.36:339][  0]LogConfig: Setting CVar [[r.DOF.Scatter.MaxSpriteRatio:0.1         ; only a maximum of 10% of scattered bokeh]]
[2020.03.31-21.30.36:339][  0]LogConfig: Setting CVar [[r.DOF.Recombine.Quality:1                ; cheap slight out of focus]]
[2020.03.31-21.30.36:339][  0]LogConfig: Setting CVar [[r.DOF.Recombine.EnableBokehSettings:0    ; no bokeh simulation on slight out of focus]]
[2020.03.31-21.30.36:339][  0]LogConfig: Setting CVar [[r.DOF.TemporalAAQuality:1                ; more stable temporal accumulation]]
[2020.03.31-21.30.36:339][  0]LogConfig: Setting CVar [[r.DOF.Kernel.MaxForegroundRadius:0.025]]
[2020.03.31-21.30.36:339][  0]LogConfig: Setting CVar [[r.DOF.Kernel.MaxBackgroundRadius:0.025]]
[2020.03.31-21.30.36:339][  0]LogConfig: Applying CVar settings from Section [TextureQuality@3] File [C:/Users/AMD/Desktop/KameHouse/KamehouseScene/Saved/Config/Windows/Scalability.ini]
[2020.03.31-21.30.36:339][  0]LogConfig: Setting CVar [[r.Streaming.MipBias:0]]
[2020.03.31-21.30.36:339][  0]LogConfig: Setting CVar [[r.Streaming.AmortizeCPUToGPUCopy:0]]
[2020.03.31-21.30.36:339][  0]LogConfig: Setting CVar [[r.Streaming.MaxNumTexturesToStreamPerFrame:0]]
[2020.03.31-21.30.36:339][  0]LogConfig: Setting CVar [[r.Streaming.Boost:1]]
[2020.03.31-21.30.36:339][  0]LogConfig: Setting CVar [[r.MaxAnisotropy:8]]
[2020.03.31-21.30.36:339][  0]LogConfig: Setting CVar [[r.VT.MaxAnisotropy:8]]
[2020.03.31-21.30.36:339][  0]LogConfig: Setting CVar [[r.Streaming.LimitPoolSizeToVRAM:0]]
[2020.03.31-21.30.36:339][  0]LogConfig: Setting CVar [[r.Streaming.PoolSize:1000]]
[2020.03.31-21.30.36:339][  0]LogConfig: Setting CVar [[r.Streaming.MaxEffectiveScreenSize:0]]
[2020.03.31-21.30.36:339][  0]LogConfig: Applying CVar settings from Section [EffectsQuality@3] File [C:/Users/AMD/Desktop/KameHouse/KamehouseScene/Saved/Config/Windows/Scalability.ini]
[2020.03.31-21.30.36:339][  0]LogConfig: Setting CVar [[r.TranslucencyLightingVolumeDim:64]]
[2020.03.31-21.30.36:339][  0]LogConfig: Setting CVar [[r.RefractionQuality:2]]
[2020.03.31-21.30.36:339][  0]LogConfig: Setting CVar [[r.SSR.Quality:3]]
[2020.03.31-21.30.36:339][  0]LogConfig: Setting CVar [[r.SSR.HalfResSceneColor:0]]
[2020.03.31-21.30.36:339][  0]LogConfig: Setting CVar [[r.SceneColorFormat:4]]
[2020.03.31-21.30.36:339][  0]LogConfig: Setting CVar [[r.DetailMode:2]]
[2020.03.31-21.30.36:339][  0]LogConfig: Setting CVar [[r.TranslucencyVolumeBlur:1]]
[2020.03.31-21.30.36:339][  0]LogConfig: Setting CVar [[r.MaterialQualityLevel:1 ; High quality]]
[2020.03.31-21.30.36:339][  0]LogConfig: Setting CVar [[r.SSS.Scale:1]]
[2020.03.31-21.30.36:339][  0]LogConfig: Setting CVar [[r.SSS.SampleSet:2]]
[2020.03.31-21.30.36:339][  0]LogConfig: Setting CVar [[r.SSS.Quality:1]]
[2020.03.31-21.30.36:339][  0]LogConfig: Setting CVar [[r.SSS.HalfRes:1]]
[2020.03.31-21.30.36:339][  0]LogConfig: Setting CVar [[r.SSGI.Quality:3]]
[2020.03.31-21.30.36:339][  0]LogConfig: Setting CVar [[r.EmitterSpawnRateScale:1.0]]
[2020.03.31-21.30.36:339][  0]LogConfig: Setting CVar [[r.ParticleLightQuality:2]]
[2020.03.31-21.30.36:339][  0]LogConfig: Setting CVar [[r.SkyAtmosphere.AerialPerspectiveLUT.FastApplyOnOpaque:1 ; Always have FastSkyLUT 1 in this case to avoid wrong sky]]
[2020.03.31-21.30.36:339][  0]LogConfig: Setting CVar [[r.SkyAtmosphere.AerialPerspectiveLUT.SampleCountPerSlice:1]]
[2020.03.31-21.30.36:339][  0]LogConfig: Setting CVar [[r.SkyAtmosphere.AerialPerspectiveLUT.DepthResolution:16.0]]
[2020.03.31-21.30.36:339][  0]LogConfig: Setting CVar [[r.SkyAtmosphere.FastSkyLUT:1]]
[2020.03.31-21.30.36:339][  0]LogConfig: Setting CVar [[r.SkyAtmosphere.FastSkyLUT.SampleCountMin:4.0]]
[2020.03.31-21.30.36:339][  0]LogConfig: Setting CVar [[r.SkyAtmosphere.FastSkyLUT.SampleCountMax:32.0]]
[2020.03.31-21.30.36:339][  0]LogConfig: Setting CVar [[r.SkyAtmosphere.SampleCountMin:4.0]]
[2020.03.31-21.30.36:339][  0]LogConfig: Setting CVar [[r.SkyAtmosphere.SampleCountMax:32.0]]
[2020.03.31-21.30.36:340][  0]LogConfig: Setting CVar [[r.SkyAtmosphere.TransmittanceLUT.UseSmallFormat:0]]
[2020.03.31-21.30.36:340][  0]LogConfig: Setting CVar [[r.SkyAtmosphere.TransmittanceLUT.SampleCount:10.0]]
[2020.03.31-21.30.36:340][  0]LogConfig: Setting CVar [[r.SkyAtmosphere.MultiScatteringLUT.SampleCount:15.0]]
[2020.03.31-21.30.36:340][  0]LogConfig: Applying CVar settings from Section [FoliageQuality@3] File [C:/Users/AMD/Desktop/KameHouse/KamehouseScene/Saved/Config/Windows/Scalability.ini]
[2020.03.31-21.30.36:340][  0]LogConfig: Setting CVar [[foliage.DensityScale:1.0]]
[2020.03.31-21.30.36:340][  0]LogConfig: Setting CVar [[grass.DensityScale:1.0]]
[2020.03.31-21.30.36:340][  0]LogConfig: Applying CVar settings from Section [ShadingQuality@3] File [C:/Users/AMD/Desktop/KameHouse/KamehouseScene/Saved/Config/Windows/Scalability.ini]
[2020.03.31-21.30.36:340][  0]LogConfig: Setting CVar [[r.HairStrands.SkyLighting.SampleCount:16]]
[2020.03.31-21.30.36:340][  0]LogConfig: Setting CVar [[r.HairStrands.SkyLighting.JitterIntegration:0]]
[2020.03.31-21.30.36:340][  0]LogConfig: Setting CVar [[r.HairStrands.SkyAO.SampleCount:16]]
[2020.03.31-21.30.36:340][  0]LogConfig: Applying CVar settings from Section [Startup] File [../../../Engine/Config/ConsoleVariables.ini]
[2020.03.31-21.30.36:340][  0]LogConfig: Setting CVar [[net.UseAdaptiveNetUpdateFrequency:0]]
[2020.03.31-21.30.36:340][  0]LogConfig: Setting CVar [[p.chaos.AllowCreatePhysxBodies:1]]
[2020.03.31-21.30.36:340][  0]LogConfig: Applying CVar settings from Section [ConsoleVariables] File [C:/Users/AMD/Desktop/KameHouse/KamehouseScene/Saved/Config/Windows/Engine.ini]
[2020.03.31-21.30.36:340][  0]LogInit: Computer: DESKTOP-QC8O3SR
[2020.03.31-21.30.36:340][  0]LogInit: User: AMD
[2020.03.31-21.30.36:340][  0]LogInit: CPU Page size=4096, Cores=8
[2020.03.31-21.30.36:340][  0]LogInit: High frequency timer resolution =10.000000 MHz
[2020.03.31-21.30.36:340][  0]LogMemory: Memory total: Physical=15.9GB (16GB approx)
[2020.03.31-21.30.36:340][  0]LogMemory: Platform Memory Stats for Windows
[2020.03.31-21.30.36:340][  0]LogMemory: Process Physical Memory: 105.75 MB used, 105.75 MB peak
[2020.03.31-21.30.36:340][  0]LogMemory: Process Virtual Memory: 102.43 MB used, 102.43 MB peak
[2020.03.31-21.30.36:340][  0]LogMemory: Physical Memory: 5901.82 MB used,  10413.30 MB free, 16315.13 MB total
[2020.03.31-21.30.36:340][  0]LogMemory: Virtual Memory: 5179.30 MB used,  134212552.00 MB free, 134217728.00 MB total
[2020.03.31-21.30.36:342][  0]LogWindows: WindowsPlatformFeatures enabled
[2020.03.31-21.30.36:359][  0]LogInit: Using OS detected language (en-US).
[2020.03.31-21.30.36:359][  0]LogInit: Using OS detected locale (en-US).
[2020.03.31-21.30.36:360][  0]LogTextLocalizationManager: No specific localization for 'en-US' exists, so the 'en' localization will be used.
[2020.03.31-21.30.36:510][  0]LogInit: Setting process to per monitor DPI aware
[2020.03.31-21.30.36:544][  0]LogSlate: New Slate User Created.  User Index 0, Is Virtual User: 0
[2020.03.31-21.30.36:544][  0]LogSlate: Slate User Registered.  User Index 0, Is Virtual User: 0
[2020.03.31-21.30.36:692][  0]LogHMD: Failed to initialize OpenVR with code 110
[2020.03.31-21.30.36:692][  0]LogD3D11RHI: D3D11 min allowed feature level: 11_0
[2020.03.31-21.30.36:692][  0]LogD3D11RHI: D3D11 max allowed feature level: 11_0
[2020.03.31-21.30.36:692][  0]LogD3D11RHI: D3D11 adapters:
[2020.03.31-21.30.36:723][  0]LogD3D11RHI:    0. 'AMD Radeon RX 5700 XT' (Feature Level 11_0)
[2020.03.31-21.30.36:723][  0]LogD3D11RHI:       8151/0/8157 MB DedicatedVideo/DedicatedSystem/SharedSystem, Outputs:2, VendorId:0x1002
[2020.03.31-21.30.36:725][  0]LogD3D11RHI:    1. 'Microsoft Basic Render Driver' (Feature Level 11_0)
[2020.03.31-21.30.36:725][  0]LogD3D11RHI:       0/0/8157 MB DedicatedVideo/DedicatedSystem/SharedSystem, Outputs:0, VendorId:0x1414
[2020.03.31-21.30.36:725][  0]LogD3D11RHI: Chosen D3D11 Adapter: 0
[2020.03.31-21.30.36:733][  0]LogD3D11RHI: Creating new Direct3DDevice
[2020.03.31-21.30.36:733][  0]LogD3D11RHI:     GPU DeviceId: 0x731f (for the marketing name, search the web for "GPU Device Id")
[2020.03.31-21.30.36:733][  0]LogWindows: EnumDisplayDevices:
[2020.03.31-21.30.36:733][  0]LogWindows:    0. 'AMD Radeon RX 5700 XT' (P:0 D:1)
[2020.03.31-21.30.36:733][  0]LogWindows:    1. 'AMD Radeon RX 5700 XT' (P:1 D:1)
[2020.03.31-21.30.36:734][  0]LogWindows:    2. 'AMD Radeon RX 5700 XT' (P:0 D:0)
[2020.03.31-21.30.36:734][  0]LogWindows:    3. 'AMD Radeon RX 5700 XT' (P:0 D:0)
[2020.03.31-21.30.36:734][  0]LogWindows:    4. 'AMD Radeon RX 5700 XT' (P:0 D:0)
[2020.03.31-21.30.36:735][  0]LogWindows:    5. 'AMD Radeon RX 5700 XT' (P:0 D:0)
[2020.03.31-21.30.36:735][  0]LogWindows:    6. 'AMD Radeon RX 5700 XT' (P:0 D:0)
[2020.03.31-21.30.36:735][  0]LogWindows:    7. 'AMD Radeon RX 5700 XT' (P:0 D:0)
[2020.03.31-21.30.36:735][  0]LogWindows: DebugString: FoundDriverCount:8 
[2020.03.31-21.30.36:736][  0]LogD3D11RHI:     Adapter Name: AMD Radeon RX 5700 XT
[2020.03.31-21.30.36:736][  0]LogD3D11RHI:   Driver Version: Adrenalin 2020 20.2.2 (internal:26.20.15019.19000, unified:26.20.15019.19000)
[2020.03.31-21.30.36:736][  0]LogD3D11RHI:      Driver Date: 2-28-2020
[2020.03.31-21.30.36:736][  0]LogRHI: Texture pool is 5706 MB (70% of 8151 MB)
[2020.03.31-21.30.36:797][  0]LogD3D11RHI: RHI does not have support for 64 bit atomics
[2020.03.31-21.30.36:797][  0]LogD3D11RHI: Async texture creation enabled
[2020.03.31-21.30.36:812][  0]LogD3D11RHI: GPU Timing Frequency: 100.000000 (Debug: 2 1)
[2020.03.31-21.30.37:075][  0]LogTargetPlatformManager: Display: Loaded TargetPlatform 'AllDesktop'
[2020.03.31-21.30.37:106][  0]LogTargetPlatformManager: Display: Loaded TargetPlatform 'Android'
[2020.03.31-21.30.37:106][  0]LogTargetPlatformManager: Display: Loaded TargetPlatform 'Android_ASTC'
[2020.03.31-21.30.37:106][  0]LogTargetPlatformManager: Display: Loaded TargetPlatform 'Android_ATC'
[2020.03.31-21.30.37:106][  0]LogTargetPlatformManager: Display: Loaded TargetPlatform 'Android_DXT'
[2020.03.31-21.30.37:106][  0]LogTargetPlatformManager: Display: Loaded TargetPlatform 'Android_ETC1'
[2020.03.31-21.30.37:106][  0]LogTargetPlatformManager: Display: Loaded TargetPlatform 'Android_ETC1a'
[2020.03.31-21.30.37:106][  0]LogTargetPlatformManager: Display: Loaded TargetPlatform 'Android_ETC2'
[2020.03.31-21.30.37:106][  0]LogTargetPlatformManager: Display: Loaded TargetPlatform 'Android_PVRTC'
[2020.03.31-21.30.37:106][  0]LogTargetPlatformManager: Display: Loaded TargetPlatform 'AndroidClient'
[2020.03.31-21.30.37:106][  0]LogTargetPlatformManager: Display: Loaded TargetPlatform 'Android_ASTCClient'
[2020.03.31-21.30.37:106][  0]LogTargetPlatformManager: Display: Loaded TargetPlatform 'Android_ATCClient'
[2020.03.31-21.30.37:106][  0]LogTargetPlatformManager: Display: Loaded TargetPlatform 'Android_DXTClient'
[2020.03.31-21.30.37:106][  0]LogTargetPlatformManager: Display: Loaded TargetPlatform 'Android_ETC1Client'
[2020.03.31-21.30.37:106][  0]LogTargetPlatformManager: Display: Loaded TargetPlatform 'Android_ETC1aClient'
[2020.03.31-21.30.37:106][  0]LogTargetPlatformManager: Display: Loaded TargetPlatform 'Android_ETC2Client'
[2020.03.31-21.30.37:106][  0]LogTargetPlatformManager: Display: Loaded TargetPlatform 'Android_PVRTCClient'
[2020.03.31-21.30.37:106][  0]LogTargetPlatformManager: Display: Loaded TargetPlatform 'Android_Multi'
[2020.03.31-21.30.37:106][  0]LogTargetPlatformManager: Display: Loaded TargetPlatform 'Android_MultiClient'
[2020.03.31-21.30.37:128][  0]LogTargetPlatformManager: Display: Loaded TargetPlatform 'IOSClient'
[2020.03.31-21.30.37:128][  0]LogTargetPlatformManager: Display: Loaded TargetPlatform 'IOS'
[2020.03.31-21.30.37:137][  0]LogTargetPlatformManager: Display: Loaded TargetPlatform 'LinuxNoEditor'
[2020.03.31-21.30.37:144][  0]LogTargetPlatformManager: Display: Loaded TargetPlatform 'LinuxClient'
[2020.03.31-21.30.37:152][  0]LogTargetPlatformManager: Display: Loaded TargetPlatform 'LinuxServer'
[2020.03.31-21.30.37:159][  0]LogTargetPlatformManager: Display: Loaded TargetPlatform 'LinuxAArch64NoEditor'
[2020.03.31-21.30.37:166][  0]LogTargetPlatformManager: Display: Loaded TargetPlatform 'LinuxAArch64Client'
[2020.03.31-21.30.37:173][  0]LogTargetPlatformManager: Display: Loaded TargetPlatform 'LinuxAArch64Server'
[2020.03.31-21.30.37:199][  0]LogTargetPlatformManager: Display: Loaded TargetPlatform 'Lumin'
[2020.03.31-21.30.37:199][  0]LogTargetPlatformManager: Display: Loaded TargetPlatform 'LuminClient'
[2020.03.31-21.30.37:213][  0]LogTargetPlatformManager: Display: Loaded TargetPlatform 'TVOSClient'
[2020.03.31-21.30.37:213][  0]LogTargetPlatformManager: Display: Loaded TargetPlatform 'TVOS'
[2020.03.31-21.30.37:221][  0]LogTargetPlatformManager: Display: Loaded TargetPlatform 'WindowsNoEditor'
[2020.03.31-21.30.37:229][  0]LogTargetPlatformManager: Display: Loaded TargetPlatform 'Windows'
[2020.03.31-21.30.37:236][  0]LogTargetPlatformManager: Display: Loaded TargetPlatform 'WindowsClient'
[2020.03.31-21.30.37:243][  0]LogTargetPlatformManager: Display: Loaded TargetPlatform 'WindowsServer'
[2020.03.31-21.30.37:243][  0]LogTargetPlatformManager: Display: Building Assets For Windows
[2020.03.31-21.30.37:246][  0]LogAudioDebug: Display: Lib vorbis DLL was dynamically loaded.
[2020.03.31-21.30.37:270][  0]LogShaderCompilers: Guid format shader working directory is -16 characters bigger than the processId version (../../../../../../Users/AMD/Desktop/KameHouse/KamehouseScene/Intermediate/Shaders/WorkingDirectory/7224/).
[2020.03.31-21.30.37:270][  0]LogShaderCompilers: Cleaned the shader compiler working directory 'C:/Users/AMD/AppData/Local/Temp/UnrealShaderWorkingDir/587B5378418B4AA8C9DC9E833BF6339A/'.
[2020.03.31-21.30.37:271][  0]LogXGEController: Cleaning working directory: C:/Users/AMD/AppData/Local/Temp/UnrealXGEWorkingDir/
[2020.03.31-21.30.37:271][  0]LogXGEController: Cannot use XGE Controller as Incredibuild is not installed on this machine.
[2020.03.31-21.30.37:271][  0]LogShaderCompilers: Cannot use XGE Shader Compiler as Incredibuild is not installed on this machine.
[2020.03.31-21.30.37:271][  0]LogShaderCompilers: Display: Using Local Shader Compiler.
[2020.03.31-21.30.37:941][  0]LogDerivedDataCache: Display: Max Cache Size: 512 MB
[2020.03.31-21.30.37:996][  0]LogDerivedDataCache: Loaded boot cache 0.05s 78MB C:/Users/AMD/AppData/Local/UnrealEngine/4.24/DerivedDataCache/Boot.ddc.
[2020.03.31-21.30.37:996][  0]LogDerivedDataCache: Display: Loaded Boot cache: C:/Users/AMD/AppData/Local/UnrealEngine/4.24/DerivedDataCache/Boot.ddc
[2020.03.31-21.30.37:996][  0]LogDerivedDataCache: FDerivedDataBackendGraph:  Pak pak cache file ../../../../../../Users/AMD/Desktop/KameHouse/KamehouseScene/DerivedDataCache/DDC.ddp not found, will not use a pak cache.
[2020.03.31-21.30.37:996][  0]LogDerivedDataCache: Unable to find inner node Pak for hierarchical cache Hierarchy.
[2020.03.31-21.30.37:996][  0]LogDerivedDataCache: FDerivedDataBackendGraph:  CompressedPak pak cache file ../../../../../../Users/AMD/Desktop/KameHouse/KamehouseScene/DerivedDataCache/Compressed.ddp not found, will not use a pak cache.
[2020.03.31-21.30.37:996][  0]LogDerivedDataCache: Unable to find inner node CompressedPak for hierarchical cache Hierarchy.
[2020.03.31-21.30.38:007][  0]LogDerivedDataCache: Display: Pak cache opened for reading ../../../Engine/DerivedDataCache/Compressed.ddp.
[2020.03.31-21.30.38:007][  0]LogDerivedDataCache: FDerivedDataBackendGraph:  EnterprisePak pak cache file ../../../Enterprise/DerivedDataCache/Compressed.ddp not found, will not use a pak cache.
[2020.03.31-21.30.38:007][  0]LogDerivedDataCache: Unable to find inner node EnterprisePak for hierarchical cache Hierarchy.
[2020.03.31-21.30.38:008][  0]LogDerivedDataCache: Using Local data cache path C:/Users/AMD/AppData/Local/UnrealEngine/Common/DerivedDataCache: Writable
[2020.03.31-21.30.38:008][  0]LogDerivedDataCache: Shared data cache path not found in *engine.ini, will not use an Shared cache.
[2020.03.31-21.30.38:008][  0]LogDerivedDataCache: Unable to find inner node Shared for hierarchical cache Hierarchy.
[2020.03.31-21.30.38:033][  0]LogMaterial: Verifying Global Shaders for PCD3D_SM5
[2020.03.31-21.30.38:036][  0]LogSlate: Using FreeType 2.10.0
[2020.03.31-21.30.38:037][  0]LogSlate: SlateFontServices - WITH_FREETYPE: 1, WITH_HARFBUZZ: 1
[2020.03.31-21.30.38:087][  0]LogAssetRegistry: FAssetRegistry took 0.0026 seconds to start up
[2020.03.31-21.30.38:384][  0]LogInit: Selected Device Profile: [Windows]
[2020.03.31-21.30.38:526][  0]LogMeshReduction: Using QuadricMeshReduction for automatic static mesh reduction
[2020.03.31-21.30.38:526][  0]LogMeshReduction: Using SimplygonMeshReduction for automatic skeletal mesh reduction
[2020.03.31-21.30.38:526][  0]LogMeshReduction: Using ProxyLODMeshReduction for automatic mesh merging
[2020.03.31-21.30.38:526][  0]LogMeshReduction: No distributed automatic mesh merging module available
[2020.03.31-21.30.38:526][  0]LogMeshMerging: No distributed automatic mesh merging module available
[2020.03.31-21.30.38:542][  0]LogNetVersion: MyProject 1.0.0, NetCL: 10570792, EngineNetVer: 13, GameNetVer: 0 (Checksum: 2318771507)
[2020.03.31-21.30.39:560][  0]LogPackageLocalizationCache: Processed 10 localized package path(s) for 1 prioritized culture(s) in 0.051719 seconds
[2020.03.31-21.30.39:569][  0]LogUObjectArray: 46750 objects as part of root set at end of initial load.
[2020.03.31-21.30.39:569][  0]LogUObjectAllocator: 8137160 out of 0 bytes used by permanent object pool.
[2020.03.31-21.30.39:569][  0]LogUObjectArray: CloseDisregardForGC: 0/0 objects in disregard for GC pool
[2020.03.31-21.30.39:975][  0]LogTcpMessaging: Initializing TcpMessaging bridge
[2020.03.31-21.30.39:978][  0]LogUdpMessaging: Initializing bridge on interface 0.0.0.0:0 to multicast group 230.0.0.1:6666.
[2020.03.31-21.30.40:033][  0]SourceControl: Source control is disabled
[2020.03.31-21.30.40:033][  0]SourceControl: Source control is disabled
[2020.03.31-21.30.40:034][  0]SourceControl: Source control is disabled
[2020.03.31-21.30.40:035][  0]SourceControl: Source control is disabled
[2020.03.31-21.30.40:036][  0]SourceControl: Source control is disabled
[2020.03.31-21.30.40:124][  0]LogAndroidPermission: UAndroidPermissionCallbackProxy::GetInstance
[2020.03.31-21.30.40:137][  0]LogAudioCaptureCore: Display: No Audio Capture implementations found. Audio input will be silent.
[2020.03.31-21.30.40:137][  0]LogAudioCaptureCore: Display: No Audio Capture implementations found. Audio input will be silent.
[2020.03.31-21.30.40:228][  0]LogOcInput: OculusInput pre-init called
[2020.03.31-21.30.40:236][  0]LogWindows: Failed to load 'OVRPlugin.dll' (GetLastError=126)
[2020.03.31-21.30.40:236][  0]LogWindows: File 'OVRPlugin.dll' does not exist
[2020.03.31-21.30.40:308][  0]LogEngine: Initializing Engine...
[2020.03.31-21.30.40:309][  0]LogHMD: Failed to initialize OpenVR with code 110
[2020.03.31-21.30.40:310][  0]LogStats: UGameplayTagsManager::InitializeManager -  0.000 s
[2020.03.31-21.30.40:650][  0]LogInit: Initializing FReadOnlyCVARCache
[2020.03.31-21.30.40:656][  0]LogAIModule: Creating AISystem for world Untitled
[2020.03.31-21.30.40:672][  0]LogAudioMixer: Display: Audio Mixer Platform Settings:
[2020.03.31-21.30.40:672][  0]LogAudioMixer: Display: 	Sample Rate:						  48000
[2020.03.31-21.30.40:672][  0]LogAudioMixer: Display: 	Callback Buffer Frame Size Requested: 1024
[2020.03.31-21.30.40:672][  0]LogAudioMixer: Display: 	Callback Buffer Frame Size To Use:	  1024
[2020.03.31-21.30.40:672][  0]LogAudioMixer: Display: 	Number of buffers to queue:			  2
[2020.03.31-21.30.40:672][  0]LogAudioMixer: Display: 	Max Channels (voices):				  32
[2020.03.31-21.30.40:672][  0]LogAudioMixer: Display: 	Number of Async Source Workers:		  0
[2020.03.31-21.30.40:672][  0]LogAudio: Display: AudioDevice MaxSources: 32
[2020.03.31-21.30.40:673][  0]LogAudio: Display: Using built-in audio occlusion.
[2020.03.31-21.30.40:673][  0]LogAudioMixer: Display: Initializing audio mixer.
[2020.03.31-21.30.40:708][  0]LogAudioMixer: Display: Audio Device Output Speaker Info:
[2020.03.31-21.30.40:708][  0]LogAudioMixer: Display: Name: Speakers (Logitech PRO X Gaming Headset)
[2020.03.31-21.30.40:708][  0]LogAudioMixer: Display: Is Default: Yes
[2020.03.31-21.30.40:708][  0]LogAudioMixer: Display: Sample Rate: 48000
[2020.03.31-21.30.40:708][  0]LogAudioMixer: Display: Channel Count Used: 8
[2020.03.31-21.30.40:708][  0]LogAudioMixer: Display: Device Channel Count: 8
[2020.03.31-21.30.40:708][  0]LogAudioMixer: Display: Channel Order:
[2020.03.31-21.30.40:708][  0]LogAudioMixer: Display: 0: FrontLeft
[2020.03.31-21.30.40:708][  0]LogAudioMixer: Display: 1: FrontRight
[2020.03.31-21.30.40:708][  0]LogAudioMixer: Display: 2: FrontCenter
[2020.03.31-21.30.40:708][  0]LogAudioMixer: Display: 3: LowFrequency
[2020.03.31-21.30.40:708][  0]LogAudioMixer: Display: 4: BackLeft
[2020.03.31-21.30.40:708][  0]LogAudioMixer: Display: 5: BackRight
[2020.03.31-21.30.40:708][  0]LogAudioMixer: Display: 6: SideLeft
[2020.03.31-21.30.40:708][  0]LogAudioMixer: Display: 7: SideRight
[2020.03.31-21.30.40:729][  0]LogAudioMixer: Display: Using Audio Device Speakers (Logitech PRO X Gaming Headset)
[2020.03.31-21.30.40:734][  0]LogInit: FAudioDevice initialized.
[2020.03.31-21.30.40:734][  0]LogNetVersion: Set ProjectVersion to 1.0.0.0. Version Checksum will be recalculated on next use.
[2020.03.31-21.30.40:819][  0]LogDerivedDataCache: Saved boot cache 0.08s 78MB C:/Users/AMD/AppData/Local/UnrealEngine/4.24/DerivedDataCache/Boot.ddc.
[2020.03.31-21.30.40:823][  0]LogInit: Texture streaming: Enabled
[2020.03.31-21.30.40:837][  0]LogEngineSessionManager: EngineSessionManager initialized
[2020.03.31-21.30.40:837][  0]LogEngineSessionManager: EngineSessionManager sent abnormal shutdown report. Type=AbnormalShutdown, SessionId={0C999FE9-4572-AD62-EAAB-1A85335EAC9B}
[2020.03.31-21.30.40:837][  0]LogEditorSessionSummary: Verbose: Initializing EditorSessionSummaryWriter for editor session tracking
[2020.03.31-21.30.40:838][  0]LogEditorSessionSummary: EditorSessionSummaryWriter initialized
[2020.03.31-21.30.40:890][  0]LogInit: Transaction tracking system initialized
[2020.03.31-21.30.40:900][  0]BlueprintLog: New page: Editor Load
[2020.03.31-21.30.40:928][  0]LocalizationService: Localization service is disabled
[2020.03.31-21.30.41:251][  0]LogFileCache: Scanning file cache for directory 'C:/Users/AMD/Desktop/KameHouse/KamehouseScene/Content/' took 0.00s
[2020.03.31-21.30.41:251][  0]LogCook: Display: Max memory allowance for cook 16384mb min free memory 0mb
[2020.03.31-21.30.41:251][  0]LogCook: Display: Mobile HDR setting 1
[2020.03.31-21.30.41:909][  0]SourceControl: Source control is disabled
[2020.03.31-21.30.41:909][  0]Cmd: MAP LOAD FILE="../../../../../../Users/AMD/Desktop/KameHouse/KamehouseScene/Content/ThirdPersonBP/Maps/ThirdPersonExampleMap.umap" TEMPLATE=0 SHOWPROGRESS=1 FEATURELEVEL=3
[2020.03.31-21.30.41:910][  0]LightingResults: New page: Lighting Build
[2020.03.31-21.30.41:911][  0]LogWorld: UWorld::CleanupWorld for Untitled, bSessionEnded=true, bCleanupResources=true
[2020.03.31-21.30.41:911][  0]LogSlate: InvalidateAllWidgets triggered.  All widgets were invalidated
[2020.03.31-21.30.41:911][  0]MapCheck: New page: Map Check
[2020.03.31-21.30.41:911][  0]LightingResults: New page: Lighting Build
[2020.03.31-21.30.41:952][  0]LogUObjectHash: Compacting FUObjectHashTables data took   2.21ms
[2020.03.31-21.30.42:246][  0]LogAIModule: Creating AISystem for world ThirdPersonExampleMap
[2020.03.31-21.30.42:255][  0]LogEditorServer: Finished looking for orphan Actors (0.000 secs)
[2020.03.31-21.30.42:299][  0]LogUObjectHash: Compacting FUObjectHashTables data took   2.71ms
[2020.03.31-21.30.42:300][  0]Cmd: MAP CHECKDEP NOCLEARLOG
[2020.03.31-21.30.42:300][  0]MapCheck: Map check complete: 0 Error(s), 0 Warning(s), took 0.249ms to complete.
[2020.03.31-21.30.42:300][  0]LogFileHelpers: Loading map 'ThirdPersonExampleMap' took 0.390
[2020.03.31-21.30.42:439][  0]LogSlate: Updating window title bar state: overlay mode, drag disabled, window buttons hidden, title bar hidden
[2020.03.31-21.30.42:447][  0]LogSlate: Updating window title bar state: overlay mode, drag disabled, window buttons hidden, title bar hidden
[2020.03.31-21.30.42:454][  0]LogSlate: Updating window title bar state: overlay mode, drag disabled, window buttons hidden, title bar hidden
[2020.03.31-21.30.42:461][  0]LogSlate: Updating window title bar state: overlay mode, drag disabled, window buttons hidden, title bar hidden
[2020.03.31-21.30.42:466][  0]LogCollectionManager: Loaded 0 collections in 0.001965 seconds
[2020.03.31-21.30.42:481][  0]LogFileCache: Scanning file cache for directory 'C:/Users/AMD/Desktop/KameHouse/KamehouseScene/Saved/Collections/' took 0.00s
[2020.03.31-21.30.42:481][  0]LogFileCache: Scanning file cache for directory 'C:/Users/AMD/Desktop/KameHouse/KamehouseScene/Content/Developers/AMD/Collections/' took 0.00s
[2020.03.31-21.30.42:481][  0]LogFileCache: Scanning file cache for directory 'C:/Users/AMD/Desktop/KameHouse/KamehouseScene/Content/Collections/' took 0.00s
[2020.03.31-21.30.42:481][  0]LogContentBrowser: Native class hierarchy populated in 0.0096 seconds. Added 3015 classes and 717 folders.
[2020.03.31-21.30.42:484][  0]LogContentBrowser: Native class hierarchy updated for 'WidgetCarousel' in 0.0003 seconds. Added 0 classes and 0 folders.
[2020.03.31-21.30.42:541][  0]LogContentBrowser: Native class hierarchy updated for 'AddContentDialog' in 0.0003 seconds. Added 0 classes and 0 folders.
[2020.03.31-21.30.42:546][  0]LogContentBrowser: Native class hierarchy updated for 'SceneOutliner' in 0.0003 seconds. Added 2 classes and 3 folders.
[2020.03.31-21.30.42:595][  0]LogSlate: Took 0.000308 seconds to synchronously load lazily loaded font '../../../Engine/Content/Slate/Fonts/Roboto-Regular.ttf' (155K)
[2020.03.31-21.30.42:597][  0]LogSlate: Took 0.000353 seconds to synchronously load lazily loaded font '../../../Engine/Content/Slate/Fonts/Roboto-Bold.ttf' (160K)
[2020.03.31-21.30.42:602][  0]LogSlate: Took 0.000203 seconds to synchronously load lazily loaded font '../../../Engine/Content/Editor/Slate/Fonts/FontAwesome.ttf' (139K)
[2020.03.31-21.30.42:677][  0]LogRenderer: Reallocating scene render targets to support 1272x640 Format 10 NumSamples 1 (Frame:1).
[2020.03.31-21.30.42:929][  0]LogContentBrowser: Native class hierarchy updated for 'HierarchicalLODOutliner' in 0.0005 seconds. Added 0 classes and 0 folders.
[2020.03.31-21.30.42:929][  0]LogLoad: (Engine Initialization) Total time: 7.94 seconds
[2020.03.31-21.30.42:929][  0]LogLoad: (Engine Initialization) Total Blueprint compile time: 0.00 seconds
[2020.03.31-21.30.42:974][  0]LogAssetRegistry: Asset discovery search completed in 4.8882 seconds
[2020.03.31-21.30.42:978][  0]LogCollectionManager: Fixed up redirectors for 0 collections in 0.000022 seconds (updated 0 objects)
[2020.03.31-21.30.42:979][  0]LogContentStreaming: Texture pool size now 1000 MB
[2020.03.31-21.30.43:016][  0]LogSlate: Took 0.000164 seconds to synchronously load lazily loaded font '../../../Engine/Content/Slate/Fonts/Roboto-Light.ttf' (167K)
[2020.03.31-21.30.47:632][506]LogSlate: Window 'Tutorials' being destroyed
[2020.03.31-21.30.57:775][682]MapCheck: New page: Map Check
[2020.03.31-21.30.57:788][682]Cmd: MAP REBUILD ALLVISIBLE
[2020.03.31-21.30.57:788][682]LogEditorServer: Rebuildmap Clear paths rebuilt
[2020.03.31-21.30.57:797][682]LogWorld: UWorld::CleanupWorld for ThirdPersonExampleMap, bSessionEnded=true, bCleanupResources=false
[2020.03.31-21.30.57:851][682]LogUObjectHash: Compacting FUObjectHashTables data took   2.13ms
[2020.03.31-21.30.57:863][682]LogMaterial: Display: Missing cached shader map for material DebugViewMode MaterialTexCoordScale, compiling. 
[2020.03.31-21.30.57:883][682]LogMaterial: Display: Missing cached shader map for material DebugViewMode MaterialTexCoordScale, compiling. 
[2020.03.31-21.30.57:898][682]LogShaderCompilers: Display: Worker (1/13): shaders left to compile 2
[2020.03.31-21.30.57:898][682]LogShaderCompilers: Display: Worker (2/13): shaders left to compile 1
[2020.03.31-21.30.57:898][682]LogMaterial: Display: Missing cached shader map for material DebugViewMode MaterialTexCoordScale, compiling. 
[2020.03.31-21.30.57:914][682]LogShaderCompilers: Display: Worker (3/13): shaders left to compile 2
[2020.03.31-21.30.57:914][682]LogShaderCompilers: Display: Worker (4/13): shaders left to compile 1
[2020.03.31-21.30.57:914][682]LogMaterial: Display: Missing cached shader map for material DebugViewMode MaterialTexCoordScale, compiling. 
[2020.03.31-21.30.57:930][682]LogShaderCompilers: Display: Worker (5/13): shaders left to compile 4
[2020.03.31-21.30.57:930][682]LogShaderCompilers: Display: Worker (6/13): shaders left to compile 3
[2020.03.31-21.30.57:930][682]LogShaderCompilers: Display: Worker (7/13): shaders left to compile 2
[2020.03.31-21.30.57:930][682]LogShaderCompilers: Display: Worker (8/13): shaders left to compile 1
[2020.03.31-21.30.57:930][682]LogMaterial: Display: Missing cached shader map for material DebugViewMode MaterialTexCoordScale, compiling. 
[2020.03.31-21.30.57:946][682]LogMaterial: Display: Missing cached shader map for material DebugViewMode MaterialTexCoordScale, compiling. 
[2020.03.31-21.30.57:966][682]LogShaderCompilers: Display: Worker (9/13): shaders left to compile 4
[2020.03.31-21.30.57:966][682]LogShaderCompilers: Display: Worker (10/13): shaders left to compile 3
[2020.03.31-21.30.57:966][682]LogShaderCompilers: Display: Worker (11/13): shaders left to compile 2
[2020.03.31-21.30.57:966][682]LogShaderCompilers: Display: Worker (12/13): shaders left to compile 1
[2020.03.31-21.30.57:966][682]LogMaterial: Display: Missing cached shader map for material DebugViewMode MaterialTexCoordScale, compiling. 
[2020.03.31-21.30.57:988][682]LogMaterial: Display: Missing cached shader map for material DebugViewMode MaterialTexCoordScale, compiling. 
[2020.03.31-21.30.58:616][682]LogShaderCompilers: Display: Worker (5/13): shaders left to compile 4
[2020.03.31-21.30.58:616][682]LogShaderCompilers: Display: Worker (7/13): shaders left to compile 3
[2020.03.31-21.30.58:616][682]LogShaderCompilers: Display: Worker (3/13): shaders left to compile 2
[2020.03.31-21.30.58:616][682]LogShaderCompilers: Display: Worker (2/13): shaders left to compile 1
[2020.03.31-21.30.58:616][682]TextureStreamingBuild: Display: Compiling optional shaders took 0.765 seconds.
[2020.03.31-21.30.58:678][682]LogLevel: Display: Export Material TexCoord Scales took 0.062 seconds.
[2020.03.31-21.30.58:681][682]TextureStreamingBuild: Display: Build Texture Streaming took 0.003 seconds.
[2020.03.31-21.30.58:720][682]LogUObjectHash: Compacting FUObjectHashTables data took   0.98ms
[2020.03.31-21.30.58:725][682]LightingResults: New page: Lighting Build - Mar 31, 2020, 1:30:58 PM
[2020.03.31-21.30.58:780][682]LogSwarmInterface: [OpenConnection] Registering TCP channel ...
[2020.03.31-21.30.58:837][682]LogSwarmInterface: [OpenConnection] Connecting to agent ...
[2020.03.31-21.30.58:860][682]LogSwarmInterface: [TryOpenConnection] Testing the Agent
[2020.03.31-21.30.59:373][682]LogSwarmInterface: [TryOpenConnection] Opening Connection to Agent
[2020.03.31-21.30.59:373][682]LogSwarmInterface: [TryOpenConnection] Local Process ID is 7224
[2020.03.31-21.31.01:703][682]LogStaticLightingSystem: Running Lightmass w/ ImmediateImport mode ENABLED
[2020.03.31-21.31.01:703][682]LogStaticLightingSystem: Running Lightmass w/ ImmediateProcess mode ENABLED
[2020.03.31-21.31.01:703][682]LogStaticLightingSystem: Running Lightmass w/ Sorting mode ENABLED
[2020.03.31-21.31.01:703][682]LogStaticLightingSystem: Running Lightmass w/ Mapping paddings ENABLED
[2020.03.31-21.31.01:703][682]LogStaticLightingSystem: Running Lightmass w/ Mapping debug paddings DISABLED
[2020.03.31-21.31.01:914][682]Cmd: MAP CHECK DONTDISPLAYDIALOG
[2020.03.31-21.31.01:914][682]MapCheck: New page: ThirdPersonExampleMap - Mar 31, 2020, 1:31:01 PM
[2020.03.31-21.31.01:950][682]MapCheck: Map check complete: 0 Error(s), 0 Warning(s), took 35.644ms to complete.
[2020.03.31-21.31.01:952][682]LogEditorBuildUtils: Build time 0:04
[2020.03.31-21.31.02:060][683]LogMaterial: Display: Missing cached shader map for material FLightmassMaterialRenderer RampMaterial, compiling. 
[2020.03.31-21.31.02:080][683]LogShaderCompilers: Display: Worker (1/13): shaders left to compile 2
[2020.03.31-21.31.02:080][683]LogShaderCompilers: Display: Worker (2/13): shaders left to compile 1
[2020.03.31-21.31.02:080][683]LogMaterial: Display: Missing cached shader map for material FLightmassMaterialRenderer RampMaterial, compiling. 
[2020.03.31-21.31.02:094][683]LogShaderCompilers: Display: Worker (3/13): shaders left to compile 2
[2020.03.31-21.31.02:094][683]LogShaderCompilers: Display: Worker (4/13): shaders left to compile 1
[2020.03.31-21.31.02:167][684]LogMaterial: Display: Missing cached shader map for material FLightmassMaterialRenderer CubeMaterial, compiling. 
[2020.03.31-21.31.02:183][684]LogShaderCompilers: Display: Worker (5/13): shaders left to compile 2
[2020.03.31-21.31.02:183][684]LogShaderCompilers: Display: Worker (6/13): shaders left to compile 1
[2020.03.31-21.31.02:183][684]LogMaterial: Display: Missing cached shader map for material FLightmassMaterialRenderer CubeMaterial, compiling. 
[2020.03.31-21.31.02:234][684]LogShaderCompilers: Display: Worker (7/13): shaders left to compile 2
[2020.03.31-21.31.02:234][684]LogShaderCompilers: Display: Worker (8/13): shaders left to compile 1
[2020.03.31-21.31.02:796][690]LogUObjectHash: Compacting FUObjectHashTables data took   0.83ms
[2020.03.31-21.31.06:105][939]Job is a success!
[2020.03.31-21.31.06:132][940]LogSlate: Took 0.000191 seconds to synchronously load lazily loaded font '../../../Engine/Content/Slate/Fonts/Roboto-Light.ttf' (167K)
[2020.03.31-21.31.06:205][940]LogVolumetricLightmapImport: Imported Volumetric Lightmap in 0.014s
[2020.03.31-21.31.06:205][940]LogVolumetricLightmapImport:      Indirection Texture 16x16x16 = 0.0Mb
[2020.03.31-21.31.06:205][940]LogVolumetricLightmapImport:      BrickData (all levels) 0.2Mb (trimmed 0.0Mb due to 0.010000 MinBrickError)
[2020.03.31-21.31.06:205][940]LogVolumetricLightmapImport:      Bricks at depth
[2020.03.31-21.31.06:205][940]LogVolumetricLightmapImport:          0: 2.3% covering 100.0% of volume
[2020.03.31-21.31.06:205][940]LogVolumetricLightmapImport:          1: 9.1% covering 6.3% of volume
[2020.03.31-21.31.06:205][940]LogVolumetricLightmapImport:          2: 88.6% covering 1.0% of volume
[2020.03.31-21.31.06:206][940]LogVolumetricLightmapImport:      Bricks in each level
[2020.03.31-21.31.06:206][940]LogVolumetricLightmapImport:          ThirdPersonExampleMap 			 44 bricks 	 100.0% (Persistent Level)
[2020.03.31-21.31.06:457][940]LogTexture: Display: Building textures: SkyOcclusion1_1 (AutoDXT, 1024X512)
[2020.03.31-21.31.06:457][940]LogTexture: Display: Building textures: HQ_Lightmap1_1 (AutoDXT, 1024X1024)
[2020.03.31-21.31.06:457][940]LogTexture: Display: Building textures: SkyOcclusion1_2 (AutoDXT, 512X256)
[2020.03.31-21.31.06:457][940]LogTexture: Display: Building textures: HQ_Lightmap1_2 (AutoDXT, 512X512)
[2020.03.31-21.31.06:457][940]LogTexture: Display: Building textures: LQ_Lightmap_1_1 (DXT1, 1024X1024)
[2020.03.31-21.31.06:457][940]LogTexture: Display: Building textures: SkyOcclusion1_3 (AutoDXT, 64X32)
[2020.03.31-21.31.06:457][940]LogTexture: Display: Building textures: LQ_Lightmap_1_2 (DXT1, 512X512)
[2020.03.31-21.31.06:457][940]LogTexture: Display: Building textures: HQ_Lightmap1_3 (AutoDXT, 64X64)
[2020.03.31-21.31.06:457][940]LogTexture: Display: Building textures: LQ_Lightmap_1_3 (DXT1, 64X64)
[2020.03.31-21.31.06:656][940]LogTexture: Display: Building textures: ShadowMapTexture2D_3 (G8, 32X32)
[2020.03.31-21.31.06:671][940]LogTexture: Display: Building textures: ShadowMapTexture2D_2 (G8, 1024X1024)
[2020.03.31-21.31.06:706][940]Lightmass on DESKTOP-QC8O3SR: 3.35 sec total, 143 ms importing, 22 ms setup, 678 ms photons, 2.41 sec processing, 0 ms extra exporting [12/12 mappings]. Threads: 36.2 sec total, 5.19 sec processing.
[2020.03.31-21.31.06:706][940]LogStaticLightingSystem: ThirdPersonExampleMap_BuiltData storing lightmap data for 12 meshes in 3 LightmapResourceClusters (4.0 Meshes per cluster).
[2020.03.31-21.31.06:760][940]LogUObjectHash: Compacting FUObjectHashTables data took   1.87ms
[2020.03.31-21.31.06:782][940]LogStaticLightingSystem: Illumination: 8.02 sec (235 ms encoding lightmaps, 209 ms encoding shadowmaps)
[2020.03.31-21.31.06:782][940]LogStaticLightingSystem: Lightmap texture memory:  3.3 MB (3.3 MB streaming, 0.0 MB non-streaming), 6 textures
[2020.03.31-21.31.06:782][940]LogStaticLightingSystem: Shadowmap texture memory: 1.3 MB (1.3 MB streaming, 0.0 MB non-streaming), 2 textures
[2020.03.31-21.31.07:710][940]DumpUnbuiltLightIteractions
[2020.03.31-21.31.07:710][940]Lights with unbuilt interactions: 0
[2020.03.31-21.31.07:710][940]
[2020.03.31-21.31.07:710][940]Primitives with unbuilt interactions: 0
[2020.03.31-21.31.07:815][941]Cmd: MAP CHECK NOTIFYRESULTS
[2020.03.31-21.31.07:816][941]MapCheck: New page: ThirdPersonExampleMap - Mar 31, 2020, 1:31:07 PM
[2020.03.31-21.31.07:816][941]MapCheck: Map check complete: 0 Error(s), 0 Warning(s), took 0.453ms to complete.
[2020.03.31-21.31.10:571][236]LogAIModule: Creating AISystem for world NewMap
[2020.03.31-21.31.10:577][236]LogAssetEditorSubsystem: Opening Asset editor for World /Game/Maps/KamehouseScene/NewMap.NewMap
[2020.03.31-21.31.10:751][236]LogUObjectHash: Compacting FUObjectHashTables data took   1.93ms
[2020.03.31-21.31.12:614][236]LogSlate: Window 'Save Content' being destroyed
[2020.03.31-21.31.12:670][236]LogUObjectHash: Compacting FUObjectHashTables data took   1.18ms
[2020.03.31-21.31.12:908][236]LogSavePackage: Moving '../../../../../../Users/AMD/Desktop/KameHouse/KamehouseScene/Saved/ThirdPersonExampleMap7A430AFD4B450452A718A5899FFED727.tmp' to '../../../../../../Users/AMD/Desktop/KameHouse/KamehouseScene/Content/ThirdPersonBP/Maps/ThirdPersonExampleMap.umap'
[2020.03.31-21.31.12:944][236]LogFileHelpers: Saving map 'ThirdPersonExampleMap' took 0.315
[2020.03.31-21.31.13:022][236]LogSavePackage: Moving '../../../../../../Users/AMD/Desktop/KameHouse/KamehouseScene/Saved/ThirdPersonExampleMap_BuiltData49B8FA3A4319B4E2F17BF1A99EA6A3AA.tmp' to '../../../../../../Users/AMD/Desktop/KameHouse/KamehouseScene/Content/ThirdPersonBP/Maps/ThirdPersonExampleMap_BuiltData.uasset'
[2020.03.31-21.31.13:026][236]Cmd: MAP LOAD FILE="../../../../../../Users/AMD/Desktop/KameHouse/KamehouseScene/Content/Maps/KamehouseScene/NewMap.umap" TEMPLATE=0 SHOWPROGRESS=1 FEATURELEVEL=3
[2020.03.31-21.31.13:026][236]LightingResults: New page: Lighting Build
[2020.03.31-21.31.13:027][236]LoadErrors: New page: Loading map: NewMap.umap
[2020.03.31-21.31.13:027][236]LogWorld: UWorld::CleanupWorld for ThirdPersonExampleMap, bSessionEnded=true, bCleanupResources=true
[2020.03.31-21.31.13:027][236]LogSlate: InvalidateAllWidgets triggered.  All widgets were invalidated
[2020.03.31-21.31.13:027][236]MapCheck: New page: Map Check
[2020.03.31-21.31.13:027][236]LightingResults: New page: Lighting Build
[2020.03.31-21.31.13:075][236]LogUObjectHash: Compacting FUObjectHashTables data took   2.14ms
[2020.03.31-21.31.13:087][236]LogEditorServer: Finished looking for orphan Actors (0.000 secs)
[2020.03.31-21.31.13:246][236]LogUObjectHash: Compacting FUObjectHashTables data took   1.64ms
[2020.03.31-21.31.13:273][236]Cmd: MAP CHECKDEP NOCLEARLOG
[2020.03.31-21.31.13:273][236]MapCheck: Map check complete: 0 Error(s), 0 Warning(s), took 0.135ms to complete.
[2020.03.31-21.31.13:273][236]LogFileHelpers: Loading map 'NewMap' took 0.248
[2020.03.31-21.31.13:332][236]AssetCheck: New page: Asset Save: multiple assets
[2020.03.31-21.31.13:332][236]LogContentValidation: Display: Validating World /Game/ThirdPersonBP/Maps/ThirdPersonExampleMap.ThirdPersonExampleMap
[2020.03.31-21.31.13:349][236]LogAIModule: Creating AISystem for world ThirdPersonExampleMap
[2020.03.31-21.31.13:356][236]LogContentValidation: Display: Validating MapBuildDataRegistry /Game/ThirdPersonBP/Maps/ThirdPersonExampleMap_BuiltData.ThirdPersonExampleMap_BuiltData
[2020.03.31-21.31.14:870][374]MapCheck: New page: Map Check
[2020.03.31-21.31.14:885][374]Cmd: MAP REBUILD ALLVISIBLE
[2020.03.31-21.31.14:885][374]LogEditorServer: Rebuildmap Clear paths rebuilt
